# JRE version: OpenJDK Runtime Environment Corretto-20.0.2.10.1 (20.0.2.1+10) (build 20.0.2.1+10-FR)
# Java VM: OpenJDK 64-Bit Server VM Corretto-20.0.2.10.1 (20.0.2.1+10-FR, mixed mode, emulated-client, sharing, tiered, compressed oops, compressed class ptrs, g1 gc, windows-amd64)
GC Precious Log:
 CardTable entry size: 512
 Card Set container configuration: InlinePtr #cards 4 size 8 Array Of Cards #cards 16 size 48 Howl #buckets 8 coarsen threshold 3686 Howl Bitmap #cards 512 size 80 coarsen threshold 460 Card regions per heap region 1 cards per card region 4096
 CPUs: 8 total, 8 available
 Memory: 16226M
 Large Page Support: Disabled
 NUMA Support: Disabled
 Compressed Oops: Enabled (Zero based)
 Heap Region Size: 2M
 Heap Min Capacity: 8M
 Heap Initial Capacity: 254M
 Heap Max Capacity: 4058M
 Pre-touch: Disabled
 Parallel Workers: 8
 Concurrent Workers: 2
 Concurrent Refinement Workers: 8
 Periodic GC: Disabled
Heap:
 garbage-first heap   total 61440K, used 30647K [0x0000000702600000, 0x0000000800000000)
  region size 2048K, 2 young (4096K), 2 survivors (4096K)
 Metaspace       used 62838K, committed 63616K, reserved 1114112K
  class space    used 8983K, committed 9344K, reserved 1048576K
GC Heap History (20 events):
Event: 2.109 GC heap after
{Heap after GC invocations=5 (full 0):
 garbage-first heap   total 61440K, used 15743K [0x0000000702600000, 0x0000000800000000)
  region size 2048K, 2 young (4096K), 2 survivors (4096K)
 Metaspace       used 22315K, committed 22656K, reserved 1114112K
  class space    used 3044K, committed 3200K, reserved 1048576K
}
Event: 2.612 GC heap before
{Heap before GC invocations=5 (full 0):
 garbage-first heap   total 61440K, used 42367K [0x0000000702600000, 0x0000000800000000)
  region size 2048K, 15 young (30720K), 2 survivors (4096K)
 Metaspace       used 26509K, committed 27008K, reserved 1114112K
  class space    used 3697K, committed 3904K, reserved 1048576K
}
Event: 2.616 GC heap after
{Heap after GC invocations=6 (full 0):
 garbage-first heap   total 61440K, used 18178K [0x0000000702600000, 0x0000000800000000)
  region size 2048K, 2 young (4096K), 2 survivors (4096K)
 Metaspace       used 26509K, committed 27008K, reserved 1114112K
  class space    used 3697K, committed 3904K, reserved 1048576K
}
Event: 3.125 GC heap before
{Heap before GC invocations=6 (full 0):
 garbage-first heap   total 61440K, used 46850K [0x0000000702600000, 0x0000000800000000)
  region size 2048K, 16 young (32768K), 2 survivors (4096K)
 Metaspace       used 30413K, committed 30976K, reserved 1114112K
  class space    used 4224K, committed 4480K, reserved 1048576K
}
Event: 3.128 GC heap after
{Heap after GC invocations=7 (full 0):
 garbage-first heap   total 61440K, used 20501K [0x0000000702600000, 0x0000000800000000)
  region size 2048K, 2 young (4096K), 2 survivors (4096K)
 Metaspace       used 30413K, committed 30976K, reserved 1114112K
  class space    used 4224K, committed 4480K, reserved 1048576K
}
Event: 3.393 GC heap before
{Heap before GC invocations=7 (full 0):
 garbage-first heap   total 61440K, used 32789K [0x0000000702600000, 0x0000000800000000)
  region size 2048K, 9 young (18432K), 2 survivors (4096K)
 Metaspace       used 32995K, committed 33536K, reserved 1114112K
  class space    used 4580K, committed 4800K, reserved 1048576K
}
Event: 3.396 GC heap after
{Heap after GC invocations=8 (full 0):
 garbage-first heap   total 61440K, used 20985K [0x0000000702600000, 0x0000000800000000)
  region size 2048K, 2 young (4096K), 2 survivors (4096K)
 Metaspace       used 32995K, committed 33536K, reserved 1114112K
  class space    used 4580K, committed 4800K, reserved 1048576K
}
Event: 4.025 GC heap before
{Heap before GC invocations=9 (full 0):
 garbage-first heap   total 61440K, used 49657K [0x0000000702600000, 0x0000000800000000)
  region size 2048K, 16 young (32768K), 2 survivors (4096K)
 Metaspace       used 41310K, committed 41920K, reserved 1114112K
  class space    used 5748K, committed 6016K, reserved 1048576K
}
Event: 4.029 GC heap after
{Heap after GC invocations=10 (full 0):
 garbage-first heap   total 61440K, used 22804K [0x0000000702600000, 0x0000000800000000)
  region size 2048K, 2 young (4096K), 2 survivors (4096K)
 Metaspace       used 41310K, committed 41920K, reserved 1114112K
  class space    used 5748K, committed 6016K, reserved 1048576K
}
Event: 4.554 GC heap before
{Heap before GC invocations=10 (full 0):
 garbage-first heap   total 61440K, used 49428K [0x0000000702600000, 0x0000000800000000)
  region size 2048K, 16 young (32768K), 2 survivors (4096K)
 Metaspace       used 48081K, committed 48704K, reserved 1114112K
  class space    used 6727K, committed 6976K, reserved 1048576K
}
Event: 4.559 GC heap after
{Heap after GC invocations=11 (full 0):
 garbage-first heap   total 61440K, used 23620K [0x0000000702600000, 0x0000000800000000)
  region size 2048K, 2 young (4096K), 2 survivors (4096K)
 Metaspace       used 48081K, committed 48704K, reserved 1114112K
  class space    used 6727K, committed 6976K, reserved 1048576K
}
Event: 5.284 GC heap before
{Heap before GC invocations=11 (full 0):
 garbage-first heap   total 61440K, used 52292K [0x0000000702600000, 0x0000000800000000)
  region size 2048K, 16 young (32768K), 2 survivors (4096K)
 Metaspace       used 54997K, committed 55616K, reserved 1114112K
  class space    used 7837K, committed 8128K, reserved 1048576K
}
Event: 5.288 GC heap after
{Heap after GC invocations=12 (full 0):
 garbage-first heap   total 61440K, used 24975K [0x0000000702600000, 0x0000000800000000)
  region size 2048K, 2 young (4096K), 2 survivors (4096K)
 Metaspace       used 54997K, committed 55616K, reserved 1114112K
  class space    used 7837K, committed 8128K, reserved 1048576K
}
Event: 5.355 GC heap before
{Heap before GC invocations=12 (full 0):
 garbage-first heap   total 61440K, used 29071K [0x0000000702600000, 0x0000000800000000)
  region size 2048K, 5 young (10240K), 2 survivors (4096K)
 Metaspace       used 55637K, committed 56256K, reserved 1114112K
  class space    used 7885K, committed 8128K, reserved 1048576K
}
Event: 5.359 GC heap after
{Heap after GC invocations=13 (full 0):
 garbage-first heap   total 61440K, used 25725K [0x0000000702600000, 0x0000000800000000)
  region size 2048K, 2 young (4096K), 2 survivors (4096K)
 Metaspace       used 55637K, committed 56256K, reserved 1114112K
  class space    used 7885K, committed 8128K, reserved 1048576K
}
Event: 5.684 GC heap before
{Heap before GC invocations=14 (full 0):
 garbage-first heap   total 61440K, used 50301K [0x0000000702600000, 0x0000000800000000)
  region size 2048K, 14 young (28672K), 2 survivors (4096K)
 Metaspace       used 58286K, committed 59008K, reserved 1114112K
  class space    used 8313K, committed 8640K, reserved 1048576K
}
Event: 5.687 GC heap after
{Heap after GC invocations=15 (full 0):
 garbage-first heap   total 61440K, used 26960K [0x0000000702600000, 0x0000000800000000)
  region size 2048K, 2 young (4096K), 2 survivors (4096K)
 Metaspace       used 58286K, committed 59008K, reserved 1114112K
  class space    used 8313K, committed 8640K, reserved 1048576K
}
Event: 6.028 GC heap before
{Heap before GC invocations=15 (full 0):
 garbage-first heap   total 61440K, used 49488K [0x0000000702600000, 0x0000000800000000)
  region size 2048K, 14 young (28672K), 2 survivors (4096K)
 Metaspace       used 61017K, committed 61760K, reserved 1114112K
  class space    used 8702K, committed 9024K, reserved 1048576K
}
Event: 6.032 GC heap after
{Heap after GC invocations=16 (full 0):
 garbage-first heap   total 61440K, used 28475K [0x0000000702600000, 0x0000000800000000)
  region size 2048K, 2 young (4096K), 2 survivors (4096K)
 Metaspace       used 61017K, committed 61760K, reserved 1114112K
  class space    used 8702K, committed 9024K, reserved 1048576K
}
Event: 6.443 GC heap before
{Heap before GC invocations=16 (full 0):
 garbage-first heap   total 61440K, used 53051K [0x0000000702600000, 0x0000000800000000)
  region size 2048K, 14 young (28672K), 2 survivors (4096K)
 Metaspace       used 62838K, committed 63616K, reserved 1114112K
  class space    used 8983K, committed 9344K, reserved 1048576K
}

